20037	5367	10211	15544	24322	1
20038	5368	10212	15545	24323	2
20039	5369	10213	15546	24324	3
20041	5371	10214	15548	24325	4
20042	5372	10215	15549	24326	5
20043	5373	10216	15550	24327	6
20044	5374	10217	15551	24328	7
20045	5376	10218	15553	24330	9
20049	5379	10221	15554	24331	10
20050	5380	10222	15555	24332	11
20054	5381	10249	15556	24338	12
20055	5382	10250	15557	24339	13
20058	5383	10253	15558	24342	14
20060	5384	10255	15559	24344	15
20061	5385	10256	15560	24345	16
20062	5386	10257	15561	24346	17
20063	5387	10258	15562	24347	18
20064	5388	10259	15563	24348	19
20066	5404	10274	15564	24356	24
20067	5405	10276	15565	24357	25
20068	5406	10277	15566	24358	26
20081	5408	10295	15569	24374	27
20082	5409	10296	15570	24375	28
20083	5410	10297	15571	24376	32
20084	5411	10298	15572	24377	34
20085	5412	10299	15573	24378	35
20086	5413	10300	15574	24379	36
20087	5414	10301	15575	24380	37
20088	5415	10302	15576	24381	38
20089	5416	10303	15577	24382	39
20090	5417	10304	15578	24383	40
20093	5422	10305	15579	24384	41
20094	5423	10306	15580	24385	42
20095	5424	10307	15581	24386	43
20100	5429	10314	15586	24392	44
20101	5430	10315	15587	24393	48
20102	5431	10316	15588	24394	49
20103	5432	10317	15589	24395	50
20104	5433	10318	15590	24396	51
20107	5442	10320	15594	24399	55
20108	5443	10321	15595	24400	56
20109	5444	10322	15596	24401	57
20110	5445	10323	15597	24402	58
20112	5447	10325	15598	24403	60
20114	5448	10326	15599	24404	62
20115	5449	10327	15600	24405	63
20116	5450	10328	15601	24406	64
20117	5451	10329	15602	24407	66
20118	5452	10330	15603	24408	67
20119	5453	10331	15604	24409	68
20120	5454	10332	15605	24410	69
20121	5455	10333	15606	24411	70
20122	5456	10334	15607	24412	71
20123	5457	10335	15608	24413	72
20124	5458	10336	15609	24414	73
20125	5459	10337	15610	24415	74
20126	5460	10338	15611	24416	75
20127	5461	10339	15612	24417	76
20128	5462	10340	15613	24418	77
20129	5463	10341	15614	24419	78
20130	5464	10342	15615	24420	79
20131	5465	10343	15616	24421	80
20132	5466	10344	15617	24422	81
20133	5467	10345	15618	24423	83
20134	5468	10346	15619	24424	84
20135	5469	10347	15620	24425	85
20136	5470	10348	15621	24426	86
20137	5471	10349	15622	24427	87
20138	5472	10350	15623	24428	88
20140	5473	10351	15624	24429	89
20141	5474	10352	15625	24430	90
20142	5475	10353	15626	24431	91
20143	5476	10354	15627	24432	92
20144	5477	10355	15628	24433	93
20145	5478	10356	15629	24434	94
20146	5479	10357	15630	24435	95
20147	5482	10360	15633	24438	3371
20148	5483	10361	15634	24439	3370
20149	5484	10362	15635	24440	3369
20151	5486	10364	15637	24442	3367
20153	5490	10367	15640	24445	3366
20154	5491	10369	15641	24446	3365
20155	5492	10374	15647	24451	3364
20156	5493	10375	15648	24452	3363
20157	5498	10376	15649	24453	3362
20158	5499	10377	15650	24454	3361
20159	5500	10378	15651	24456	2331
20160	5502	10379	15652	24457	3360
20161	5503	10380	15653	24458	3359
20162	5504	10381	15654	24459	3358
20163	5505	10382	15655	24460	3357
20165	5507	10388	15657	24462	3356
20166	5508	10389	15665	24463	3355
20168	5509	10390	15666	24464	3354
20169	5510	10391	15667	24465	3353
20177	5511	10392	15668	24466	3350
20178	5512	10393	15669	24467	3349
20179	5513	10394	15670	24468	3348
20180	5514	10395	15671	24469	3347
20181	5515	10396	15672	24470	3346
20182	5516	10397	15673	24471	3345
20183	5517	10398	15674	24472	3344
20184	5536	10399	15675	24473	3343
20186	5537	10400	15676	24474	3342
20187	5538	10401	15677	24475	3341
20188	5539	10402	15678	24476	3340
20189	5540	10403	15679	24477	3339
20190	5541	10411	15680	24478	96
20192	5542	10412	15681	24479	97
20194	5543	10413	15682	24480	98
20195	5544	10414	15683	24481	100
20196	5545	10415	15684	24482	101
20197	5546	10416	15685	24483	102
20198	5547	10417	15686	24484	103
20199	5548	10418	15687	24485	104
20201	5550	10420	15689	24487	3131
20203	5551	10421	15690	24488	3130
20204	5552	10422	15691	24489	3129
20205	5553	10423	15692	24490	3128
20206	5554	10424	15693	24491	3127
20207	5555	10425	15694	24492	3126
20208	5556	10426	15695	24493	3125
20209	5557	10427	15696	24494	3124
20210	5558	10428	15697	24495	3123
20211	5559	10429	15698	24496	3122
20212	5560	10430	15699	24497	3121
20213	5561	10431	15700	24498	3120
20214	5562	10432	15701	24499	3119
20215	5563	10433	15702	24500	3118
20216	5564	10434	15703	24501	3117
20217	5565	10435	15704	24502	3116
20218	5566	10436	15705	24503	3115
20219	5567	10437	15706	24504	3114
20220	5568	10438	15707	24505	3113
20221	5569	10439	15708	24506	3112
20222	5570	10440	15709	24507	3111
20223	5571	10442	15710	24511	3110
20224	5572	10443	15711	24512	3107
20225	5573	10444	15712	24513	3102
20226	5574	10445	15713	24514	3100
20227	5575	10446	15714	24515	3099
20228	5576	10447	15715	24516	3098
20229	5577	10448	15716	24517	3097
20230	5578	10449	15717	24518	3096
20232	5580	10450	15718	24521	3095
20233	5581	10451	15719	24522	3094
20235	5583	10453	15721	24524	3092
20236	5584	10454	15722	24525	3091
20237	5585	10455	15723	24526	3090
20238	5586	10456	15724	24527	3089
20239	5587	10457	15725	24529	184
20240	5588	10458	15726	24530	185
20241	5590	10460	15728	24531	187
20242	5591	10461	15729	24532	263
20243	5592	10462	15730	24533	188
20244	5593	10463	15731	24534	189
20245	5594	10464	15732	24535	190
20246	5595	10465	15733	24536	191
20247	5596	10466	15734	24537	192
20252	5600	10511	15767	24539	203
20253	5601	10512	15768	24540	204
20254	5602	10513	15769	24541	205
20255	5603	10514	15770	24542	206
20260	5612	10515	15779	24642	216
20264	5614	10517	15781	24643	217
20265	5615	10518	15782	24644	218
20266	5616	10519	15783	24645	219
20269	5653	10521	15786	24647	2077
20270	5652	10522	15787	24648	221
20271	5651	10523	15788	24649	222
20324	5812	10665	15936	24819	362
20363	9434	13486	19320	28635	3780
20380	7803	14302	16768	26964	3286
20382	7481	11822	16739	25854	809
20394	5690	10568	15841	24723	4289
20399	5691	10571	15844	24726	4638
20401	5694	10573	15847	24728	245
20404	5697	10576	15850	24731	611
20407	5702	10580	15854	24736	525
20409	5703	10582	15856	24738	3387
20410	5704	10583	15857	24739	2809
20411	5706	10584	15858	24740	273
20412	5707	10585	15859	24741	276
20413	5708	10586	15860	24742	287
20414	5709	10587	15861	24743	288
20416	5710	10588	15862	24744	289
20417	5711	10589	15863	24745	290
20420	5713	10592	15865	24749	295
20421	5714	10593	15866	24750	296
20422	5715	10594	15867	24751	297
20423	5716	10595	15868	24752	299
20424	5717	10596	15869	24753	300
20425	5718	10597	15870	24754	303
20426	5730	10599	15872	24758	306
20427	5732	10600	15873	24759	307
20428	5733	10601	15874	24760	308
20429	5734	10602	15875	24761	309
20430	5735	10603	15876	24762	310
20431	5736	10604	15877	24763	311
20432	6677	10607	16899	25527	630
20433	5739	10609	15880	24766	1320
20434	5740	10610	15881	24767	312
20435	5741	10611	15882	24768	313
20436	5742	10612	15883	24769	314
20437	5743	10613	15884	24770	315
20438	5744	10614	15885	24771	316
20439	5745	10615	15886	24772	317
20441	5747	10617	15887	24774	319
20442	5748	10618	15888	24775	320
20443	5749	10619	15889	24776	321
20444	5750	10620	15890	24777	322
20445	5751	10621	15891	24778	323
20446	5753	10629	15892	24779	324
20447	5754	10630	15893	24780	325
20448	5755	10631	15894	24781	326
20449	5756	10632	15895	24782	327
20450	5766	10635	15896	24790	328
20451	5767	10636	15897	24791	329
20452	5768	10637	15898	24792	330
20453	5769	10638	15899	24793	331
20454	5770	10639	15900	24794	332
20455	5771	10640	15901	24795	333
20456	5772	10641	15902	24796	334
20457	5773	10642	15903	24797	335
20458	5774	10643	15904	24798	336
20459	5775	10644	15905	24799	337
20460	5776	10645	15906	24800	338
20461	5777	10646	15907	24801	339
20462	5778	10647	15908	24802	340
20463	5779	10648	15909	24803	341
20465	5781	10650	15911	24805	343
20466	5782	10651	15914	24806	344
20467	5783	10652	15915	24807	345
20468	5784	10653	15916	24808	346
20469	5786	10655	15918	24810	348
20470	5787	10656	15919	24811	349
20471	5788	10657	15920	24812	350
20472	5789	10658	15921	24813	351
20473	5790	10659	15922	24814	352
20474	5791	10660	15923	24816	353
20479	5815	10666	15939	24820	1103
20480	5817	10667	15940	24821	3640
20481	5818	10668	15941	24822	356
20482	5819	10669	15942	24823	357
20483	5820	10670	15943	24824	364
20484	5821	10671	15944	24825	365
20485	5822	10672	15945	24826	366
20486	5823	10673	15946	24827	368
20487	5825	10675	15947	24830	369
20488	5826	10676	15948	24831	370
20489	5827	10677	15949	24832	371
20490	5828	10678	15950	24833	372
20491	5829	10679	15951	24834	373
20493	5830	10680	15952	24835	374
20494	5831	10681	15953	24836	375
20495	5832	10682	15954	24837	376
20496	5833	10683	15955	24838	377
20497	5834	10684	15956	24839	381
20499	5835	10686	15957	24841	382
20500	5836	10687	15958	24842	383
20501	5837	10688	15959	24843	384
20502	5838	10689	15960	24844	385
20503	5839	10690	15961	24845	389
20504	5840	10691	15962	24846	390
20506	5841	10693	15963	24847	391
20510	5842	10694	15964	24848	392
20511	5843	10695	15965	24849	393
20512	5844	10696	15966	24850	394
20513	5845	10697	15967	24851	3850
20514	5846	10698	15968	24852	3849
20515	5847	10699	15969	24853	396
20516	5848	10700	15970	24854	397
20517	5849	10701	15971	24855	398
20518	5850	10702	15972	24856	399
20519	5851	10703	15973	24857	400
20523	5854	10708	15975	24859	1953
20541	5855	10727	15976	24860	402
20542	5856	10728	15977	24861	403
20543	5858	10729	15980	24862	404
20544	5859	10730	15981	24863	405
20545	5860	10731	15982	24864	406
20547	5861	10735	15986	24865	407
20548	5862	10736	15987	24866	408
20595	6007	10757	17771	24869	302
20599	6029	10771	17756	24875	2277
20603	6064	10773	17729	24889	4343
20605	6066	10775	17727	24890	4345
20606	6067	10776	17726	24891	4346
20608	6068	10778	17725	24892	2776
20609	6069	10779	17724	24893	2775
20610	6070	10780	17723	24894	2774
20611	6071	10781	17722	24895	4347
20613	6073	10783	17720	24896	4348
20614	6074	10784	17719	24897	4349
20615	6075	10785	17718	24898	4350
20616	6076	10786	17717	24899	2397
20629	6624	10803	17690	24917	1676
20631	6116	10804	17689	24918	3563
20642	6118	10815	17686	24930	832
20643	6119	10816	17685	24931	248
20644	6120	10817	17684	24932	424
20645	6121	10818	17683	24933	427
20647	6124	10821	17680	24939	431
20649	6126	10823	17678	24941	432
20650	6127	10824	17677	24942	433
20651	6128	10825	17676	24943	434
20653	6130	10827	17674	24945	436
20654	6131	10828	17673	24946	437
20655	6132	10829	17672	24947	438
20656	6133	10830	17671	24948	439
20658	6135	10833	17670	24951	440
20659	6136	10834	17669	24952	441
20660	6137	10835	17668	24953	442
20661	6138	10836	17667	24954	443
20662	6139	10841	17666	24955	444
20671	6142	10849	17664	24956	447
20672	6143	10850	17663	24957	448
20673	6144	10851	17662	24958	449
20674	6145	10852	17661	24959	450
20676	6146	10853	17660	24960	451
20677	6147	10854	17659	24961	452
20678	6148	10855	17658	24962	453
20679	6149	10856	17657	24963	454
20680	6150	10857	17656	24964	456
20681	6151	10858	17655	24965	457
20682	6152	10860	17654	24966	458
20683	6153	10861	17653	24967	460
20684	6154	10862	17652	24968	461
20685	6155	10863	17651	24969	462
20686	6156	10864	17650	24970	463
20687	6157	10865	17649	24971	464
20688	6158	10866	17648	24975	465
20689	6160	10867	17647	24976	466
20691	6162	10873	17645	24981	469
20693	6163	10874	17644	24982	470
20694	6164	10875	17643	24983	471
20695	6165	10876	17642	24984	472
20696	6166	10877	17641	24985	473
20697	6167	10878	17640	24986	474
20702	6169	10883	17636	24991	477
20703	6170	10884	17635	24992	478
20704	6171	10885	17634	24993	479
20705	6172	10886	17633	24994	480
20706	6173	10887	17632	24995	481
20708	6175	10889	17630	24996	483
20715	6176	10890	17629	24998	485
20717	6178	10892	17628	25001	487
20718	6179	10893	17627	25002	488
20719	6180	10894	17626	25003	489
20720	6181	10895	17625	25004	490
20727	6186	10911	17623	25008	495
20730	6187	10913	17622	25009	496
20731	6188	10914	17621	25010	497
20732	6189	10915	17620	25011	498
20733	6190	10916	17619	25012	499
20735	6192	10918	17618	25014	501
20736	6193	10919	17617	25015	502
20737	6194	10920	17616	25016	503
20741	6195	10921	17612	25017	505
20742	6196	10922	17611	25018	506
20743	6197	10923	17610	25019	507
20744	6198	10924	17609	25020	508
20745	6199	10925	17608	25021	509
20746	6200	10926	17607	25022	510
20747	6201	10927	17606	25023	511
20749	6203	10929	17605	25025	513
20750	6204	10930	17604	25026	514
20751	6205	10931	17603	25027	515
20752	6207	10932	17602	25028	516
20753	6208	10933	17601	25029	517
20754	6209	10934	17600	25030	518
20756	6211	10936	17598	25032	521
20757	6212	10948	17597	25037	524
20758	6213	10949	17596	25042	526
20759	6214	10950	17595	25043	527
20760	6215	10951	17594	25044	528
20761	6216	10952	17593	25045	853
20762	6217	10954	17592	25046	531
20763	6218	10955	17591	25047	532
20765	6220	10957	17589	25049	539
20766	6221	10958	17588	25050	540
20767	6222	10959	17587	25051	541
20768	6223	10960	17586	25052	542
20769	6224	10961	17585	25053	543
20775	6242	10968	17578	25064	544
20776	6243	10969	17577	25065	548
20777	6244	10970	17576	25066	549
20778	6245	10971	17575	25067	550
20779	6246	10972	17574	25068	551
20780	6247	10973	17573	25069	552
20781	6250	10974	17571	25070	555
20782	6254	10977	17570	25071	557
20783	6255	10978	17569	25072	558
20784	6256	10979	17568	25073	559
20785	6257	10980	17567	25074	560
20786	6258	10981	17566	25075	561
20787	6259	10982	17565	25076	562
20799	6276	10997	17554	25093	563
20801	6277	10998	17550	25094	716
20802	6278	10999	17544	25095	727
20806	6280	11001	17542	25097	741
20811	6284	11003	17539	25098	737
20812	6285	11004	17538	25099	738
20813	6286	11005	17537	25100	739
20814	6287	11006	17536	25101	740
20815	6288	11007	17535	25103	742
20816	6289	11008	17534	25104	745
20818	6290	11009	17533	25105	746
20819	6291	11010	17532	25106	3000
20821	6293	11012	17530	25108	1157
20822	6294	11013	17529	25109	2710
20823	6297	11014	17521	25110	4598
20824	6298	11015	17520	25111	797
20825	6302	11017	17517	25113	2756
20827	6304	11019	17515	25116	1866
20828	6305	11020	17514	25117	1865
20830	6306	11021	17512	25120	798
20831	6307	11022	17511	25121	799
20832	6308	11023	17510	25122	801
20833	6309	11024	17509	25123	802
20834	6310	11025	17508	25124	803
20835	6311	11026	17507	25125	804
20836	6312	11027	17506	25126	805
20842	6317	11038	17502	25133	883
20843	6319	11039	17501	25134	889
20844	6320	11040	17500	25135	904
20845	6321	11041	17499	25136	907
20851	6373	11046	17451	25141	913
20853	6375	11048	17449	25143	915
20856	6377	11051	17447	25145	917
20857	6378	11052	17446	25146	918
20858	6379	11053	17445	25147	919
20859	6380	11054	17444	25148	920
20860	6381	11055	17443	25149	921
20861	6382	11056	17442	25150	922
20862	6383	11057	17441	25151	923
20863	6384	11058	17440	25152	924
20864	6387	11062	17438	25155	925
20865	6388	11063	17437	25156	926
20866	6389	11064	17436	25157	927
20867	6390	11065	17435	25158	928
20868	6391	11066	17434	25159	929
20869	6392	11067	17433	25160	930
20871	6394	11069	17431	25162	933
20872	6395	11070	17413	25163	934
20873	6396	11071	17412	25164	935
20874	6397	11072	17411	25165	940
20875	6398	11073	17410	25166	941
20876	6400	11074	17408	25167	942
20877	6401	11075	17407	25168	943
20878	6402	11076	17406	25169	944
20880	6404	11077	17403	25171	945
20882	6405	11079	17401	25173	947
20883	6406	11080	17400	25174	948
20884	6407	11081	17399	25175	949
20886	6408	11083	17398	25177	950
20887	6409	11084	17397	25178	951
20888	6410	11090	17396	25239	952
20889	6411	11092	17395	25240	953
20890	6412	11093	17394	25241	954
20891	6413	11094	17393	25242	955
20892	6414	11095	17392	25243	958
20893	6415	11096	17391	25244	959
20895	6417	11098	17389	25246	961
20896	6418	11099	17388	25247	962
20897	6419	11100	17387	25248	963
20902	6423	11104	17383	25253	965
20906	6424	11106	17381	25262	966
20907	6425	11109	17380	25263	967
20908	6426	11110	17379	25264	968
20909	6427	11111	17378	25265	969
20911	6429	11113	17376	25267	971
20912	6430	11114	17375	25268	972
20914	6431	11116	17374	25269	973
20915	6432	11117	17373	25270	974
20916	6433	11118	17372	25271	975
20917	6434	11119	17371	25272	976
20918	6435	11120	17370	25273	977
20919	6436	11121	17369	25274	978
20920	6437	11122	17368	25275	982
20921	6438	11123	17367	25276	983
20922	6439	11124	17366	25277	984
20923	6440	11125	17365	25278	985
20924	6441	11126	17364	25279	986
20925	6442	11127	17363	25280	987
20926	6443	11128	17362	25281	988
20927	6444	11129	17361	25282	989
20929	6446	11131	17360	25285	991
20930	6447	11132	17359	25286	992
20931	6448	11133	17358	25287	993
20932	6449	11134	17357	25288	994
20934	6450	11136	17355	25290	996
20935	6456	11140	17354	25291	997
20936	6457	11199	17337	25292	999
20949	6462	11200	17332	25298	1005
20950	6463	11201	17331	25299	1006
20951	6464	11202	17330	25300	1007
20952	6465	11203	17329	25301	1008
20953	6466	11204	17328	25302	1009
20954	6467	11205	17327	25303	1010
20955	6468	11206	17326	25304	1011
20956	6469	11207	17325	25305	1012
20957	6470	11208	17324	25306	1013
20958	6471	11209	17323	25307	1016
20959	6472	11210	17322	25308	1017
20960	6473	11211	17321	25309	1018
20961	6474	11212	17320	25310	1019
20962	6475	11213	17319	25311	1020
20963	6476	11214	17318	25312	1021
20964	6477	11215	17317	25313	1022
20965	6478	11216	17316	25314	1023
20966	6479	11217	17315	25315	1024
20967	6480	11218	17314	25316	1025
20969	6481	11220	17312	25318	1027
20970	6482	11221	17311	25319	1028
20971	6483	11222	17310	25320	1029
20972	6486	11225	17309	25321	1030
20973	6487	11226	17308	25322	1031
20974	6488	11227	17307	25323	1032
21009	6509	11258	17269	25346	2400
21010	6510	11259	17268	25347	2068
21011	6511	11260	17267	25348	1045
21023	6524	11265	17254	25353	2140
21026	6530	11266	17248	25357	2136
21035	6535	11274	17243	25362	1178
21036	6536	11275	17242	25363	1179
21037	6537	11276	17241	25364	1180
21038	6538	11277	17240	25365	2637
21049	6541	11288	17230	25376	1106
21050	6542	11289	17229	25377	1107
21051	6543	11290	17228	25378	1108
21052	6544	11291	17227	25379	1109
21053	6545	11292	17226	25380	1111
21054	6546	11293	17223	25381	1119
21055	6547	11294	17222	25382	1121
21056	6548	11295	17221	25383	1123
21057	7718	11296	17220	25384	1124
21060	6550	11299	17217	25387	1130
21061	6551	11300	17216	25388	1131
21062	6552	11301	17215	25389	1133
21063	6553	11302	17214	25390	1134
21064	6554	11303	17213	25391	2035
21067	6556	11306	17211	25393	2030
21068	6557	11307	17210	25394	2029
21070	6559	11309	17208	25395	2027
21087	6563	11325	17190	25406	1137
21088	6564	11328	17189	25407	1138
21089	6565	11329	17188	25408	1139
21090	6566	11330	17187	25409	1140
21091	6567	11331	17186	25410	1141
21092	6568	11332	17185	25411	1142
21093	6569	11333	17184	25412	1143
21094	6570	11334	17183	25413	1144
21095	6571	11335	17182	25414	1145
21096	6572	11336	17181	25415	1146
21097	6573	11337	17180	25416	1147
21098	6574	11338	17179	25417	1148
21099	6575	11339	17178	25418	1149
21100	6576	11340	17177	25419	1150
21101	6577	11341	17176	25420	1151
21102	6578	11342	17175	25421	1152
21104	6579	11344	17173	25423	1164
21105	6580	11345	17172	25424	1165
21106	6581	11346	17171	25425	1166
21107	6582	11347	17170	25426	1167
21108	6583	11348	17169	25427	1168
21109	6584	11349	17168	25428	1169
21110	6585	11350	17167	25429	1170
21111	6586	11351	17166	25430	1171
21112	6589	11352	17165	25431	646
21114	6592	11354	17163	25436	1431
21115	6593	11355	17162	25437	1247
21117	6595	11356	17160	25439	1250
21118	6596	11357	17159	25440	1251
21119	6597	11358	17158	25441	1252
21120	6598	11359	17157	25442	1253
21121	6599	11360	17156	25443	1254
21125	6603	11361	17154	25458	1255
21126	6604	11362	17153	25459	1259
21127	6605	11364	17152	25464	1260
21128	6606	11365	17151	25465	1261
21129	6607	11366	17149	25466	1263
21130	6608	11369	17147	25468	1265
21131	6609	11370	17146	25469	1266
21132	6610	11371	17145	25470	1267
21134	6614	11373	17144	25473	1277
21135	6615	11374	17143	25474	1279
21136	6616	11375	17142	25475	1280
21137	6617	11377	17141	25476	1282
21138	6618	11378	17140	25477	1283
21176	7849	12011	16206	26061	1989
21177	7848	12010	16207	26060	1988
21178	7847	12009	16208	26059	1987
21181	7846	12008	16209	26058	1986
21182	7845	12007	16210	26057	1984
21183	7844	12006	16211	26056	1983
21186	6804	12182	16909	25501	2261
21187	7842	12002	16212	26054	1981
21189	7840	12000	16213	26052	1979
21190	7839	11999	16214	26051	1978
21191	7837	11998	16215	26050	1975
21192	7836	11997	16216	26049	1974
21194	7835	11996	16217	26048	1104
21196	7833	11994	16219	26046	1378
21206	7774	11979	16289	26031	1231
21207	7773	11978	16290	26030	1233
21208	7772	11977	16291	26029	1234
21209	7770	11976	16293	26028	1244
21210	7769	11975	16294	26027	1235
21211	7768	11974	16295	26026	1236
21212	7767	11973	16296	26025	1237
21213	7766	11972	16297	26024	1238
21214	7765	11971	16298	26023	1239
21215	7764	11970	16299	26022	1240
21216	7763	11969	16300	26021	1241
21217	7762	11968	16301	26020	1242
21218	7761	11967	16302	26019	1243
21222	7760	11966	16303	26018	2134
21223	7759	11965	16304	26017	2132
21225	7756	11964	16308	26014	367
21226	7749	11963	16315	26007	2121
21227	7748	11962	16316	26006	2120
21228	7747	11961	16317	26005	2119
21229	7746	11960	16318	26004	2118
21230	7744	11959	16319	26003	2106
21231	7743	11958	16320	26002	2105
21232	7742	11957	16321	26001	2104
21233	7741	11956	16322	26000	2103
21236	7738	11954	16325	25999	1947
21237	7737	11953	16326	25998	1946
21238	7736	11952	16327	25997	1945
21239	7735	11951	16328	25996	1944
21240	7734	11950	16329	25995	1943
21241	7733	11949	16330	25994	1940
21242	7731	11948	16331	25992	1939
21243	7730	11947	16332	25991	1938
21247	7727	11945	16333	25989	1935
21248	7726	11944	16334	25988	1934
21249	7725	11943	16335	25987	1933
21250	7724	11942	16336	25986	1932
21251	7723	11941	16337	25985	1931
21252	7721	11939	16339	25984	1930
21253	7720	11938	16340	25983	1929
21256	7716	11936	16343	25981	1915
21258	6730	11934	16345	25979	1912
21259	6732	11933	16346	25977	1911
21260	6733	11932	16347	25976	1909
21261	6735	11930	16349	25975	1907
21265	6746	11925	16424	25969	1905
21266	6747	11924	16425	25968	1904
21267	6748	11923	16426	25967	1903
21268	6749	11922	16427	25966	1902
21271	6751	11919	16428	25963	1899
21272	6752	11918	16429	25962	1898
21274	6755	11917	16430	25961	1895
21275	6756	11916	16431	25960	1894
21276	6757	11915	16432	25959	1893
21277	6759	11914	16433	25958	1892
21278	6760	11913	16434	25957	1891
21279	6761	11912	16435	25956	1890
21280	6762	11911	16436	25955	1889
21284	6764	11907	16439	25951	1887
21285	6765	11906	16440	25950	1886
21286	6766	11905	16441	25949	1885
21287	6767	11904	16442	25948	1874
21288	6768	11903	16443	25947	1873
21289	6769	11902	16444	25946	1870
21290	6770	11901	16445	25945	1869
21292	6772	11899	16447	25943	1867
21295	7198	11897	16450	25941	3904
21297	6774	11896	16451	25940	1860
21301	6779	11890	16460	25937	1852
21302	6780	11889	16461	25936	1851
21303	6781	11888	16462	25935	1850
21304	6807	11887	16463	25934	1849
21305	6808	11886	16464	25933	1848
21315	6814	11885	16469	25932	1844
21316	6815	11884	16470	25931	1843
21317	6816	11883	16471	25930	1842
21318	6817	11882	16472	25929	1841
21332	6819	11879	16486	25909	1839
21333	6820	11878	16487	25908	1838
21334	6823	11877	16488	25907	1837
21335	6825	11875	16490	25906	1836
21336	6826	11874	16491	25905	1835
21337	6827	11873	16492	25904	1834
21342	6829	11872	16493	25903	1832
21346	7033	11856	16920	25901	1798
21347	7034	11855	16918	25900	1797
21348	7035	11854	16917	25899	1796
21353	7040	11853	16912	25898	3046
21356	6950	11851	16518	25889	1828
21358	6951	11850	16519	25888	2039
21359	6952	11849	16520	25887	1826
21389	6953	11847	16351	25882	1285
21391	6956	11846	16529	25880	1824
21392	6957	11844	16531	25878	1822
21393	6958	11843	16532	25877	1821
21394	6959	11842	16835	25876	1820
21395	6961	11841	16834	25873	1817
21396	6962	11840	16833	25872	1816
21397	6963	11839	16832	25871	1815
21425	6984	11837	16766	25863	1814
21426	6985	11836	16765	25862	1813
21436	7476	11819	16721	25849	979
21442	7469	11803	16712	25842	243
21443	7468	11802	16709	25841	3033
21445	7465	11801	16706	25838	1477
21446	7464	11800	16705	25837	1478
21451	7456	11793	16537	25833	2089
21456	7451	11792	16541	25828	2980
21460	7442	11785	16551	25821	2359
21461	7441	11784	16552	25820	2360
21462	7439	11783	16554	25818	2204
21465	7433	11780	16557	25816	4351
21474	7412	11776	16575	25813	573
21483	7396	11765	16586	25802	1316
21489	7376	11760	16596	25795	820
21529	7353	11721	16664	25766	2272
21532	7154	11720	16670	25763	2612
21533	7153	11719	16671	25762	3395
21535	7151	11717	16674	25760	810
21537	7138	11716	16686	25753	2439
21538	7137	11715	16687	25752	1384
21542	7132	11711	16691	25748	635
21543	7131	11710	16692	25747	824
21549	7094	11705	16839	25733	1549
21550	7093	11704	16840	25732	1530
21551	7092	11703	16841	25731	2911
21595	9291	11700	16847	28641	2907
21599	7086	11696	16851	25724	2877
21608	7078	11683	16882	25717	1518
21609	7077	11682	16883	25716	1517
21610	7076	11681	16884	25715	1516
21611	7075	11680	16885	25714	1515
21614	7071	11677	16894	25712	1812
21615	7069	11676	16895	25711	1996
21616	7068	11675	16896	25710	1997
21618	7067	11674	16897	25709	1126
21619	7031	11673	16922	25708	1799
21620	7030	11672	16923	25707	1800
21621	7028	11671	16924	25706	1801
21622	7027	11670	16925	25705	1802
21624	7025	11669	16927	25703	1078
21625	7024	11668	16928	25702	1807
21626	7022	11665	16930	25701	1808
21627	7021	11664	16931	25700	1512
21628	7020	11663	16932	25699	1507
21629	7019	11662	16933	25698	3378
21630	7018	11661	16934	25697	1505
21631	7017	11660	16935	25696	1504
21640	7488	11659	16948	25692	1493
21641	7489	11658	16949	25691	1490
21643	7492	11656	16952	25689	2202
21644	7493	11655	16953	25688	1489
21645	7494	11654	16954	25687	1488
21646	7495	11653	16955	25686	1487
21648	7497	11651	16956	25684	1484
21649	7498	11650	16957	25683	1483
21650	7499	11649	16958	25682	1482
21651	7500	11648	16959	25681	1481
21652	7501	11647	16960	25680	1480
21653	7502	11646	16961	25679	1467
21654	7503	11645	16962	25678	1466
21655	7504	11644	16963	25677	1465
21656	7505	11643	16964	25676	1464
21657	7506	11642	16965	25675	1463
21658	7507	11641	16966	25674	1462
21659	7508	11640	16967	25673	1461
21660	7510	11639	16968	25672	1460
21661	7511	11638	16969	25671	1459
21662	7512	11637	16970	25670	1458
21664	7514	11635	16972	25669	1456
21665	7515	11634	16973	25668	1454
21666	7516	11633	16974	25667	1453
21667	7517	11632	16976	25666	1449
21668	7518	11631	16977	25665	1448
21669	7519	11630	16978	25664	1447
21670	7520	11629	16979	25663	1446
21672	7521	11628	16980	25662	1445
21674	7524	11626	16982	25660	1443
21677	7527	11624	16985	25657	1441
21678	7528	11623	16986	25656	1440
21679	7529	11622	16987	25655	1439
21680	7530	11621	16988	25654	1438
21681	7531	11620	16989	25653	1436
21682	7532	11619	16990	25652	1435
21693	7657	11574	17006	25620	1433
21694	7658	11573	17007	25619	1432
21696	7660	11570	17009	25617	1430
21697	7661	11569	17010	25616	1429
21698	7662	11568	17011	25615	1428
21699	7663	11567	17012	25614	1427
21700	7664	11566	17013	25613	1426
21701	7665	11565	17014	25612	1425
21703	7684	11562	17031	25610	1423
21705	7686	11560	17032	25608	1421
21719	7687	11546	17035	25601	1420
21720	7689	11545	17036	25600	1419
21723	7692	11542	17049	25597	1410
21725	7693	11540	17051	25595	1407
21726	7694	11539	17052	25594	1399
21727	7695	11538	17053	25593	1398
21729	7702	11536	17054	25591	1395
21730	7703	11535	17055	25590	1394
21731	7704	11534	17056	25589	1393
21733	7706	11532	17058	25587	1391
21734	7707	11531	17059	25586	1390
21735	7708	11530	17060	25585	1389
21736	7709	11529	17061	25584	1388
21738	7711	11523	17065	25581	174
21740	7713	11521	17067	25579	1377
21741	7714	11520	17068	25578	1372
21742	6729	11519	17069	25577	1371
21743	6728	11518	17070	25576	1369
21744	6726	11517	17072	25574	1368
21745	6725	11516	17073	25573	1367
21748	6723	11514	17075	25571	2628
21749	6722	11513	17076	25570	152
21751	6720	11511	17078	25568	151
21753	6718	11509	17080	25038	149
21754	6716	11508	17081	25566	148
21755	6715	11507	17082	25565	2607
21757	6713	11505	17084	25563	1101
21760	6711	11503	17087	25561	2078
21762	6709	11501	17089	25559	2080
21763	6708	11500	17090	25558	2081
21764	6707	11499	17091	25557	2082
21765	6706	11498	17092	25556	1949
21775	6697	11497	17100	25548	1950
21777	6696	11495	17102	25546	3879
21779	6694	11494	17103	25544	1952
21780	6693	11493	17104	25543	1954
21781	6690	11492	17105	25542	1955
21782	6689	11491	17106	25541	1956
21783	6688	11490	17107	25540	1957
21784	6687	11489	17108	25539	1958
21793	6676	11488	17110	25526	1960
21794	6675	11487	17111	25525	1961
21795	6674	11486	17112	25524	1962
21796	6673	11485	17113	25523	1963
21798	6671	11482	17114	25521	1964
21799	6670	11481	17120	25520	1965
21800	6669	11480	17121	25519	1966
21808	6649	11472	17128	25512	4436
21816	6642	11464	16342	25503	240
21822	7850	12012	16205	26064	1990
21823	7851	12014	16204	26065	1991
21824	7852	12015	16203	26066	1992
21825	7853	12016	16202	26067	1993
21826	7854	12017	16201	26068	1994
21827	7855	12018	16200	26069	1995
21829	7856	12019	16199	26070	2042
21830	7857	12020	16198	26071	2044
21831	7858	12021	16197	26072	2045
21832	7859	12022	16196	26073	2046
21833	7860	12023	16195	26074	2047
21834	7861	12024	16194	26075	2048
21836	7862	12025	16193	26076	2049
21837	7863	12026	16192	26077	2050
21838	7864	12027	16191	26078	2051
21839	7865	12028	16190	26079	2052
21840	7866	12029	16189	26080	2053
21841	7867	12030	16188	26081	2054
21842	7869	12032	16186	26083	2056
21847	7873	12037	16181	26088	1359
21848	7874	12038	16180	26089	1358
21849	7875	12039	16179	26090	1356
21850	7876	12040	16178	26091	1355
21851	7877	12041	16177	26092	1354
21853	7878	12043	16175	26094	1352
21854	7879	12044	16174	26095	1351
21855	7880	12045	16173	26096	1350
21856	7881	12046	16172	26097	1343
21859	7886	12063	16169	26099	1193
21860	7887	12064	16168	26100	1192
21861	7888	12065	16167	26101	1191
21862	7889	12066	16166	26102	1189
21864	7890	12068	16164	26104	1183
21865	7891	12069	16163	26105	1182
21866	7892	12070	16162	26106	1181
21869	7894	12073	16161	26109	2041
21870	7895	12074	16160	26110	1998
21871	7896	12075	16159	26111	3691
21872	7897	12076	16158	26112	1999
21873	7899	12077	16157	26113	2000
21874	7900	12078	16156	26114	2001
21875	7901	12079	16155	26116	2003
21876	7902	12080	16154	26117	2004
21877	7903	12081	16153	26118	2005
21878	7904	12082	16152	26119	2006
21879	7905	12083	16151	26120	2007
21880	7906	12084	16150	26122	2008
21881	7907	12085	16149	26123	2009
21884	7908	12087	16148	26124	2010
21885	7909	12088	16147	26125	2011
21886	7910	12089	16146	26126	2012
21887	7911	12090	16145	26127	2013
21888	7912	12091	16144	26128	2015
21890	7914	12093	16142	26131	2017
21891	7915	12094	16141	26132	2018
21892	7916	12095	16140	26133	2019
21895	7917	12096	16139	26134	2023
21896	7918	12097	16138	26135	2025
21897	7919	12098	16137	26136	2026
21927	7935	12123	16101	26172	1190
21929	7937	12125	16099	26174	2626
21931	7940	12130	16090	26177	1082
21932	7941	12131	16089	26178	1081
21933	7942	12132	16088	26179	1080
21935	7943	12134	16087	26180	1079
21936	7944	12135	16086	26181	1062
21937	7945	12136	16085	26182	2142
21938	7946	12137	16084	26183	2143
21939	7947	12138	16083	26184	2145
21940	7948	12139	16082	26185	2144
21947	7949	12148	16067	26221	640
21949	7009	12150	16353	26223	4484
21950	7008	12151	16352	26224	4485
21967	7951	12167	17842	26241	2287
21968	7952	12168	17843	26242	2288
21973	7955	12173	17848	26247	593
21974	7956	12174	17849	26248	701
21977	7959	12177	17852	26251	1470
21983	9324	13529	19220	28596	3610
21984	9325	13530	19221	28595	3611
21985	4782	11457	16693	25485	1977
21987	7962	12237	17917	26272	2341
21990	7974	12242	17929	26297	2352
22010	8022	12290	17932	26344	2482
22012	8024	12292	17934	26345	2245
22013	8026	12293	17935	26346	1856
22014	8027	12298	17936	26347	2489
22017	8031	12299	17937	26351	2490
22020	8034	12302	17940	26354	872
22024	8036	12304	17942	26356	870
22025	8037	12305	17943	26357	869
22026	8038	12306	17944	26358	868
22027	8039	12307	17945	26359	867
22028	8040	12308	17946	26360	866
22029	8041	12309	17947	26361	865
22030	8042	12310	17948	26362	864
22031	8043	12311	17949	26363	863
22034	8057	12314	17955	26366	862
22065	8063	12350	17987	26396	837
22067	8068	12352	17989	26398	833
22068	8069	12353	17990	26399	831
22069	8070	12354	17991	26400	830
22070	8071	12355	17992	26401	829
22072	8072	12357	17994	26403	2889
22073	8073	12358	17995	26404	2890
22080	8079	12360	18004	26406	2894
22081	8080	12361	18005	26407	2895
22082	8081	12362	18006	26408	2896
22083	8082	12363	18007	26409	2897
22084	8083	12364	18008	26410	2898
22085	8084	12365	18009	26411	2899
22087	8085	12369	18010	26413	2903
22090	8086	12373	18012	26415	2905
22098	8102	12374	18013	26422	2912
22104	8103	12379	18018	26427	2922
22105	8104	12380	18019	26428	2923
22114	8112	12387	18033	26434	827
22115	8113	12388	18034	26435	826
22124	8114	12391	18035	26436	660
22125	8115	12392	18036	26437	3773
22126	8116	12393	18037	26438	3774
22129	8118	12396	18040	26441	696
22130	8119	12397	18041	26442	695
22131	8120	12398	18042	26443	694
22132	8121	12399	18043	26444	693
22133	8122	12400	18044	26449	615
22134	8123	12401	18045	26450	608
22135	8125	12402	18047	26453	584
22136	8126	12403	18048	26454	601
22137	8127	12404	18049	26455	580
22141	8133	12415	18053	26464	823
22142	8134	12416	18054	26465	822
22143	8135	12417	18055	26466	821
22144	8136	12418	18056	26467	819
22148	8137	12422	18058	26470	817
22149	8138	12423	18059	26471	816
22150	8139	12424	18060	26472	815
22151	8140	12425	18061	26473	814
22152	8141	12426	18062	26474	813
22153	8142	12427	18063	26475	812
22154	8143	12428	18065	26476	808
22155	8144	12433	18066	26477	2495
22156	8145	12434	18067	26479	2500
22157	8146	12435	18068	26480	2501
22158	8147	12436	18069	26481	2503
22159	8148	12437	18070	26483	2504
22167	8149	12438	18071	26488	2506
22169	8151	12440	18072	26490	2508
22170	8152	12441	18073	26491	2512
22171	8154	12444	18081	26492	2513
22172	8155	12445	18084	26493	2515
22174	8158	12446	18087	26498	2519
22175	8159	12447	18088	26499	2520
22176	8160	12448	18089	26500	2521
22177	8161	12449	18090	26501	2522
22178	8162	12450	18091	26502	2523
22179	8163	12451	18092	26503	2524
22180	8164	12452	18093	26504	2525
22181	8165	12453	18094	26505	2526
22182	8166	12454	18095	26506	2527
22183	8167	12455	18096	26507	2528
22184	8168	12456	18097	26508	2529
22185	8169	12457	18098	26509	2530
22186	8170	12458	18101	26510	2531
22187	8175	12460	18102	26511	2532
22188	8176	12461	18103	26512	2533
22189	8177	12462	18104	26513	2534
22208	8179	12494	18106	26532	909
22210	8183	12495	18110	26536	3192
22211	8184	12496	18111	26537	2395
22212	8185	12497	18112	26538	241
22213	8186	12498	18113	26539	2711
22214	8187	12499	18114	26540	2611
22215	8188	12500	18115	26541	2614
22216	8189	12501	18116	26542	2615
22217	8190	12502	18117	26543	2616
22228	8191	12503	18118	26544	2617
22229	8192	12507	18119	26545	2618
22232	8193	12508	18120	26546	2619
22234	8194	12509	18121	26547	2620
22235	8195	12510	18122	26548	2621
22237	8196	12513	18126	26822	4238
22238	8197	12514	18127	26823	4239
22239	8198	12515	18128	26824	4240
22240	8199	12516	18129	26825	4241
22241	8200	12517	18130	26826	4242
22247	8204	12524	18131	26832	2625
22248	8205	12525	18132	26833	2627
22259	8208	12536	18216	26836	2629
22260	8209	12537	18217	26837	2630
22261	8210	12538	18218	26838	2631
22262	8211	12539	18219	26839	2632
22263	8212	12540	18220	26840	2633
22275	8216	12548	18225	26846	2640
22276	8217	12549	18226	26847	2641
22277	8218	12550	18227	26848	2642
22278	8219	12551	18228	26849	2643
22279	8220	12552	18229	26850	2644
22280	8221	12553	18230	26851	2645
22281	8222	12554	18231	26852	2646
22282	8223	12555	18232	26853	2647
22283	8224	12556	18233	26854	2648
22284	8225	12557	18234	26855	2649
22285	8226	12558	18235	26856	2650
22286	8227	12559	18236	26857	2651
22287	8228	12560	18237	26858	2652
22288	8229	12562	18238	26859	2653
22289	8230	12563	18239	26860	2654
22290	8231	12564	18240	26861	2655
22291	8232	12565	18241	26862	2656
22292	8233	12566	18242	26863	2657
22293	8234	12567	18243	26864	2658
22294	8235	12568	18244	26865	2659
22295	8236	12569	18245	26866	2660
22296	8237	12570	18246	26867	2661
22298	8238	12578	18253	26875	2670
22299	8239	12579	18254	26876	2671
22300	8240	12580	18255	26877	3487
22301	8241	12581	18256	26878	2672
22303	8243	12582	18258	26880	2674
22305	8246	12583	18260	26882	2675
22306	8247	12584	18261	26883	2676
22307	8248	12585	18262	26884	2677
22310	8252	12588	18265	26887	2679
22311	8253	12594	18266	26891	2680
22312	8254	12595	18267	26892	2681
22314	8256	12597	18269	26894	2683
22315	8257	12598	18270	26895	2684
22316	8258	12599	18271	26896	2685
22317	8259	12600	18272	26897	2686
22318	8260	12601	18273	26898	2687
22319	8261	12602	18274	26899	2688
22320	8262	12603	18275	26900	2705
22322	8264	12610	18277	26902	2713
22323	8265	12611	18278	26903	2714
22324	8266	12612	18279	26904	2715
22325	8267	12613	18280	26905	2716
22326	8268	12614	18281	26906	2717
22327	8269	12615	18282	26907	2718
22328	8270	12616	18283	26908	2719
22329	8271	12617	18284	26909	2720
22330	8272	12618	18285	26910	2721
22337	8273	12619	18286	26911	2722
22338	8274	12620	18287	26912	2723
22339	8275	12621	18288	26913	2724
22340	8276	12622	18289	26914	2725
22341	8277	12623	18290	26915	2726
22343	8278	12624	18291	26916	2727
22344	8279	12625	18292	26917	2737
22361	9768	13945	14828	28130	2744
22363	9771	13947	14827	28128	1731
22376	6641	12632	18321	26956	3622
22378	8286	12634	18323	26959	2754
22387	8291	12635	18326	26971	2761
22388	8292	12636	18327	26973	2762
22390	8296	12640	18331	26977	2769
22391	8297	12641	18332	26978	2770
22396	8301	12645	18336	26982	2772
22401	8302	12651	18338	26557	2785
22402	8303	12652	18339	26558	2786
22403	8304	12653	18340	26559	2787
22404	8305	12654	18341	26560	2788
22406	8307	12656	18343	26562	2790
22407	8308	12657	18344	26563	2791
22408	8309	12658	18345	26564	2792
22409	8310	12659	18346	26565	2793
22410	8311	12660	18347	26566	2794
22411	8313	12662	18348	26567	1781
22414	8316	12667	18349	26570	2797
22415	8317	12668	18350	26571	2798
22416	8318	12669	18351	26572	2799
22417	8319	12670	18352	26573	2800
22418	8320	12671	18353	26574	2801
22421	9730	12794	18501	26688	2998
22422	9731	12793	18500	26687	2997
22424	8321	12673	18354	26576	2802
22425	8322	12674	18355	26577	2803
22427	8324	12676	18357	26579	2806
22428	8325	12677	18358	26580	2807
22429	8326	12678	18359	26581	2808
22456	8344	12699	18360	26599	2818
22457	8345	12700	18361	26600	2833
22460	8348	12704	18364	26603	2835
22465	8352	12710	18369	26607	2845
22466	8353	12711	18370	26608	2846
22469	8356	12713	18373	26611	2850
22470	8357	12714	18374	26612	2851
22471	8358	12715	18375	26613	2852
22472	8359	12716	18376	26614	2853
22473	8360	12717	18377	26615	2854
22474	8361	12718	18378	26616	2855
22475	8362	12719	18379	26617	2856
22488	8363	12720	18380	26621	2857
22489	8365	12721	18381	26622	2866
22490	8366	12722	18382	26623	2867
22491	8368	12723	18387	26624	2870
22492	8369	12724	18388	26625	2873
22493	8370	12725	18389	26626	2874
22494	8373	12726	18392	26627	2875
22495	8374	12727	18393	26628	2876
22496	8375	12728	18394	26629	2883
22497	8376	12729	18395	26630	2884
22502	8438	12735	18447	26633	2941
22503	8439	12736	18448	26634	2942
22504	8440	12737	18449	26635	2943
22505	8441	12741	18453	26638	2949
22506	8443	12742	18455	26639	2951
22507	8444	12743	18456	26640	2952
22508	8445	12744	18457	26641	2953
22509	8446	12745	18458	26642	2954
22510	8447	12746	18459	26643	2955
22512	8449	12748	18461	26645	2958
22513	8450	12749	18462	26646	2959
22516	8453	12756	18471	26648	678
22517	8455	12758	18473	26649	2960
22518	8456	12759	18474	26650	2961
22519	8457	12760	18475	26651	2962
22520	8458	12761	18476	26652	2963
22521	8459	12762	18477	26653	2964
22522	8460	12763	18478	26654	2965
22523	8461	12764	18479	26655	2966
22524	8462	12765	18480	26656	2967
22525	8463	12766	18481	26657	2968
22526	8464	12767	18482	26658	2969
22527	8465	12768	18483	26659	2970
22528	8466	12769	18484	26660	2971
22530	8470	12776	18487	26669	2974
22531	8471	12777	18488	26670	2975
22547	8477	12778	18490	26675	2976
22548	8478	12779	18491	26676	2977
22549	8479	12784	18492	26678	2987
22550	8480	12785	18493	26679	2989
22551	8481	12786	18494	26680	2990
22552	8482	12787	18495	26681	2991
22553	8483	12788	18496	26682	2992
22554	8484	12790	18497	26683	2993
22555	8485	12791	18498	26685	2994
22556	8486	12792	18499	26686	2996
22557	8487	12795	18502	26689	2999
22558	8488	12799	18503	26690	3001
22560	8489	12800	18504	26691	3002
22561	8490	12801	18505	26692	3003
22562	8491	12802	18506	26693	3004
22563	8492	12803	18507	26694	3005
22564	8493	12804	18508	26695	3006
22565	8494	12805	18509	26696	3007
22566	8495	12806	18510	26697	3008
22567	8496	12865	18511	26699	3010
22568	8497	12866	18512	26700	3011
22569	8498	12867	18513	26701	3012
22570	8499	12868	18514	26702	3013
22572	8501	12870	18516	26704	3014
22573	8502	12871	18517	26705	3015
22574	8503	12872	18518	26706	3016
22577	8504	12875	18519	26707	3019
22578	8505	12876	18520	26708	3020
22579	8506	12877	18521	26709	3083
22580	8507	12878	18522	26710	3084
22581	8508	12879	18523	26711	3085
22582	8509	12880	18524	26712	3086
22584	8510	12882	18526	26714	3087
22586	8512	12884	18528	26717	3088
22588	8513	12886	18529	26718	183
22590	8514	12887	18530	26719	182
22591	8515	12888	18531	26720	181
22592	8516	12889	18532	26721	180
22593	8517	12890	18533	26722	179
22595	8519	12892	18535	26724	177
22596	8521	12894	18537	26734	176
22597	8522	12895	18538	26735	175
22599	8523	12896	18540	26736	4679
22600	8524	12897	18541	26737	4678
22602	8528	12898	18545	26739	170
22604	8530	12900	18547	26740	168
22605	8531	12901	18548	26741	167
22606	8532	12902	18549	26742	166
22607	8533	12903	18550	26743	165
22608	8534	12904	18551	26744	164
22609	8535	12906	18552	26745	3021
22610	8536	12907	18553	26746	3022
22611	8537	12908	18554	26747	3023
22612	8538	12909	18555	26748	3024
22613	8539	12910	18556	26749	3025
22614	8540	12911	18557	26750	3026
22615	8541	12912	18558	26751	3027
22648	7245	12966	18936	27271	2074
22653	8626	12972	18614	27266	65
22654	8627	12973	18615	27265	3049
22656	8631	12977	18617	27263	3058
22657	8632	12978	18618	27262	3059
22658	8633	12979	18619	27261	3060
22659	8634	12980	18620	27260	3061
22660	8635	12981	18621	27259	3072
22661	8636	12982	18622	27258	3073
22662	8637	12983	18623	27257	3074
22665	8640	12985	18625	27256	3079
22666	8641	12986	18626	27255	3081
22667	8642	12987	18627	27254	3082
22668	8645	12989	18630	27253	163
22669	8646	12990	18631	27252	162
22671	8648	12992	18632	27250	160
22672	8650	12993	18633	27249	159
22673	8651	12994	18634	27248	158
22674	8652	12995	18635	27247	156
22675	8653	12996	18636	27246	155
22676	8654	12997	18637	27245	154
22677	8658	12999	18641	27244	2749
22678	8659	13000	18642	27243	2914
22679	8660	13001	18643	27242	2915
22680	8661	13002	18644	27241	2916
22681	8662	13003	18645	27240	2917
22682	8663	13004	18646	27239	2918
22683	8664	13005	18647	27238	2919
22684	8665	13006	18648	27237	2920
22709	8717	13075	18682	27205	141
22717	8726	13090	18690	27199	140
22718	8727	13091	18691	27198	139
22719	8728	13093	18692	27197	138
22720	8729	13094	18693	27196	137
22721	8730	13095	18694	27195	136
22722	8731	13096	18695	27194	135
22723	8732	13097	18696	27193	134
22726	8735	13100	18699	27190	128
22727	8736	13101	18700	27189	127
22728	8737	13102	18701	27188	126
22729	8739	13103	18703	27187	124
22738	8740	13113	18704	27176	123
22739	8741	13114	18705	27175	122
22740	8742	13115	18706	27174	121
22741	8743	13116	18707	27173	120
22752	8744	13118	18708	27169	118
22755	8746	13119	18713	27168	110
22756	8747	13120	18714	27167	109
22757	8748	13121	18715	27166	108
22760	8749	13124	18716	27165	107
22761	8750	13125	18717	27164	106
22762	8751	13126	18718	27163	105
22766	8756	13132	18723	27157	3132
22768	8758	13134	18725	27156	3136
22769	8759	13135	18726	26993	3138
22770	8760	13136	18727	26994	3139
22771	8761	13137	18728	26995	3140
22772	8762	13138	18729	26996	903
22773	8763	13139	18730	26997	902
22774	8775	13140	18731	26999	3141
22782	8783	13148	18732	27010	3142
22783	8784	13149	18733	27011	3143
22784	8785	13150	18734	27012	3144
22785	8786	13151	18735	27013	3145
22786	8787	13152	18736	27014	3146
22787	8788	13153	18737	27015	3147
22788	8789	13155	18738	27016	3148
22789	8790	13156	18739	27017	3149
22790	8835	13157	18740	27018	3150
22791	8836	13158	18741	27019	3151
22792	8838	13159	18742	27020	3152
22793	8839	13160	18743	27021	3153
22794	8840	13161	18744	27022	3154
22795	8841	13162	18745	27023	3155
22798	8844	13165	18748	27026	3158
22800	8846	13167	18750	27028	3160
22801	8847	13168	18751	27029	3161
22802	8848	13169	18752	27030	3162
22803	8849	13170	18753	27031	3163
22805	8851	13171	18754	27032	3164
22807	8853	13173	18755	27034	3166
22808	8854	13174	18756	27035	3167
22809	8855	13175	18757	27036	3168
22810	8856	13176	18758	27037	3169
22811	8857	13177	18759	27038	3175
22812	8863	13179	18765	27039	3177
22813	8864	13180	18766	27040	3178
22814	8865	13181	18767	27041	2763
22831	8926	13203	18810	28936	3204
22857	8928	13205	18812	28934	3220
22858	8929	13206	18813	28933	3221
22859	8930	13207	18814	28932	3225
22860	8931	13208	18815	28931	3226
22861	8932	13209	18816	28930	3227
22862	8933	13210	18817	28929	3228
22863	8934	13211	18818	28928	3232
22864	8935	13212	18819	28927	3233
22865	8936	13213	18820	28926	3234
22866	8937	13214	18821	28925	3236
22870	8946	13218	18825	28923	3259
22871	8947	13219	18826	28922	3260
22872	8948	13220	18827	28921	3261
22874	8949	13221	18828	28920	3262
22875	8950	13222	18829	28919	3263
22876	8951	13223	18830	28918	3264
22877	8952	13224	18831	28917	3265
22878	8953	13225	18832	28916	3266
22879	8954	13226	18833	28915	3267
22881	8955	13227	18834	28913	3268
22882	8956	13228	18835	28912	3269
22883	8957	13229	18836	28911	3270
22889	8958	13230	18837	29046	3271
22890	8959	13231	18838	29045	3272
22891	8960	13232	18839	29044	3290
22892	8961	13233	18840	29037	3292
22893	8962	13234	18841	29036	3293
22901	8964	13241	18843	29022	3308
22902	8965	13242	18844	29021	3309
22903	8982	13243	18862	29020	3326
22904	8983	13251	18863	29019	3335
22909	8986	13254	18865	29016	3337
22910	8987	13255	18866	29015	401
22911	8988	13256	18867	29011	3379
22912	8989	13257	18868	29010	3380
22913	8990	13258	18869	29009	3381
22914	8991	13259	18870	29008	3382
22915	8992	13260	18871	29007	3383
22916	8993	13261	18872	29006	3384
22917	8995	13263	18873	29005	3385
22918	8996	13264	18874	29004	3386
22919	8997	13265	18875	29003	3388
22920	8998	13266	18876	29002	3389
22921	8999	13267	18877	29001	3390
22922	9000	13268	18878	29000	3391
22925	9001	13271	18879	28998	3394
22926	9002	13272	18880	28997	3396
22927	9003	13273	18881	28996	3397
22928	9004	13274	18882	28995	3398
22929	9005	13275	18883	28994	3399
22930	9006	13276	18884	28993	3400
22969	9089	13314	18916	27637	1627
22971	9092	13319	18920	27642	3426
22972	9093	13320	18921	27643	3427
22976	9097	13324	18924	27646	3433
22977	9098	13325	18925	27647	3434
22981	9100	13332	18928	27650	3443
22982	9101	13333	18929	27651	3444
22983	9102	13334	18930	27652	3445
22989	9105	13337	18932	27654	3352
22990	9106	13338	18933	27655	3351
22992	9107	13339	18934	27656	3446
22993	9108	13340	18935	27657	3447
22994	9109	13341	18946	27662	3449
22995	9110	13342	18947	27663	3450
22996	9111	13343	18948	27664	3451
22997	9112	13344	18949	27665	3452
22998	9113	13345	18950	27666	3453
22999	9114	13346	18951	27667	3454
23000	9115	13347	18952	27668	3460
23001	9116	13348	18953	27669	3461
23002	9117	13349	18954	27670	3462
23005	9119	13354	18964	27676	3464
23006	9120	13355	18965	27677	3465
23017	9123	13360	18966	27681	3466
23018	9124	13361	18967	27682	3467
23019	9125	13362	18968	27684	3468
23020	9126	13363	18969	27685	3469
23021	9127	13364	18970	27686	3470
23022	9128	13365	18971	27688	3471
23023	9129	13366	18972	27689	3472
23024	9130	13367	18973	27690	3473
23029	9141	13368	18984	27702	3474
23030	9142	13369	18985	27703	3475
23031	9143	13370	18986	27704	3476
23032	9144	13371	18987	27705	3477
23033	9145	13372	18988	27706	3479
23045	9180	13378	19073	28824	3493
23048	9181	13379	19074	28823	3494
23049	9184	13380	19075	28822	3495
23051	9185	13382	19076	28821	3496
23052	9186	13383	19077	28820	3498
23053	9187	13384	19078	28819	3499
23056	9190	13298	19080	28816	3501
23057	9191	13295	19081	28815	3502
23060	9193	13385	19083	28813	3505
23063	9196	13388	19086	28810	3508
23064	9197	13389	19087	28809	3509
23065	9198	13390	19088	28808	3510
23066	9199	13391	19089	28807	3511
23070	9202	13394	19092	28797	3513
23071	9203	13395	19093	28796	3514
23105	9225	13415	19114	28718	3515
23107	9227	13417	19116	28716	3517
23108	9228	13418	19117	28715	3518
23109	9229	13419	19118	28714	3519
23111	9231	13420	19120	28712	4517
23113	9233	13422	19122	28710	4516
23114	9234	13423	19123	28709	4512
23115	9235	13424	19124	28708	4511
23116	9236	13425	19125	28707	4510
23117	9237	13426	19126	28706	4509
23118	9238	13427	19127	28705	4508
23119	9239	13428	19128	28704	4486
23120	9240	13431	19129	28703	2514
23121	9241	13432	19130	28702	4483
23123	9243	13434	19132	28700	4481
23124	9244	13435	19133	28699	4480
23125	9245	13436	19134	28698	4479
23126	9246	13437	19135	28697	4478
23127	9247	13438	19136	28696	4477
23128	9248	13439	19137	28695	4476
23129	9249	13440	19138	28694	4475
23130	9250	13441	19139	28693	4474
23131	9251	13442	19140	28692	3940
23133	9255	13444	19141	28690	4473
23134	9256	13445	19142	28677	4472
23135	9257	13446	19143	28676	4471
23136	9258	13448	19144	28675	4470
23137	9259	13449	19145	28674	4469
23138	9260	13450	19146	28673	4468
23139	9261	13451	19147	28672	4467
23140	9262	13452	19148	28671	4466
23141	9263	13453	19151	28669	4463
23142	9264	13454	19152	28668	4462
23143	9265	13455	19153	28667	4461
23144	9266	13456	19154	28666	4460
23145	9267	13457	19155	28665	4459
23147	9269	13459	19157	28663	3535
23148	9270	13460	19158	28662	3536
23149	9271	13461	19159	28661	3537
23150	9272	13462	19160	28660	3538
23151	9273	13463	19161	28659	3539
23152	9274	13464	19162	28658	3540
23153	9275	13465	19163	28657	3541
23154	9276	13466	19164	28656	3542
23156	9278	13468	19166	28655	3544
23157	9279	13469	19167	28654	3545
23158	9280	13470	19168	28653	3546
23159	9281	13471	19169	28652	3547
23160	9282	13472	19170	28651	3548
23161	9283	13473	19171	28650	3549
23162	9284	13474	19172	28649	3550
23163	9285	13475	19173	28648	3551
23164	9286	13476	19174	28647	3552
23166	9287	13478	19175	28645	3520
23167	9288	13479	19176	28644	3521
23168	9289	13480	19177	28643	3522
23169	9293	13481	19187	28639	3523
23170	9294	13482	19188	28638	3524
23171	9295	13483	19189	28637	3525
23185	9297	13493	19194	28628	3527
23186	9298	13494	19195	28627	3528
23187	9300	13496	19196	28626	3529
23188	9301	13497	19197	28625	3530
23189	9302	13498	19198	28624	3531
23190	9303	13499	19199	28623	3532
23191	9304	13500	19200	28622	3533
23192	9305	13501	19201	28621	3534
23193	9306	13511	19202	28620	4456
23194	9307	13512	19203	28619	4455
23196	9310	13515	19206	28611	3571
23197	9311	13516	19208	28609	3573
23198	9312	13517	19209	28608	3574
23199	9313	13518	19210	28607	3575
23200	9314	13519	19211	28606	3576
23201	9315	13520	19212	28605	3600
23202	9316	13521	19213	28604	3602
23204	9318	13523	19214	28602	3604
23205	9319	13524	19215	28601	3605
23206	9320	13525	19216	28600	3606
23207	9321	13526	19217	28599	3607
23208	9322	13527	19218	28598	3608
23209	7970	13528	19219	28597	3609
23211	9328	13532	19224	28593	3614
23212	9329	13533	19225	28592	3615
23213	9330	13534	19226	28591	3616
23214	9331	13535	19227	28590	3617
23215	9332	13536	19228	28589	3618
23216	9333	13537	19229	28588	3619
23222	9360	13544	19235	28581	2712
23226	9361	13546	19240	28575	3697
23228	9363	13548	19241	28573	3698
23229	9364	13549	19242	28572	3699
23230	9365	13550	19243	28571	3700
23231	9366	13551	19244	28570	3701
23232	9367	13552	19245	28569	3702
23233	9368	13553	19246	28568	3703
23234	9369	13554	19247	28567	3704
23235	9370	13555	19248	28566	3705
23236	9371	13556	19249	28565	3706
23237	9372	13557	19250	28564	3707
23239	9374	13559	19252	28562	3708
23240	9375	13560	19253	28561	3709
23241	9376	13561	19254	28560	3710
23242	9377	13562	19255	28559	3711
23243	9378	13563	19256	28558	3712
23244	9379	13564	19257	28557	3713
23245	9380	13565	19258	28556	3714
23246	9381	13566	19259	28555	3715
23247	9382	13567	19260	28554	3716
23248	9383	13568	19261	28553	3717
23249	9384	13569	19262	28552	3718
23250	9385	13570	19263	28551	3719
23251	9386	13571	19264	28550	3720
23252	9387	13572	19265	28549	3721
23253	9388	13573	19266	28548	3722
23254	9389	13574	19267	28547	3723
23255	9390	13575	19268	28546	3724
23256	9391	13576	19269	28545	3725
23257	9392	13577	19270	28544	3726
23258	9393	13578	19271	28543	3727
23259	9394	13579	19272	28542	3728
23260	9395	13580	19273	28541	3729
23261	9396	13581	19274	28540	3730
23262	9397	13582	19275	28539	3731
23263	9398	13583	19276	28538	3732
23264	9399	13584	19277	28537	3733
23265	9400	13585	19278	28536	3734
23266	9401	13586	19279	28535	3735
23267	9402	13587	19280	28534	3736
23268	9403	13588	19281	28533	3737
23283	9405	13590	19283	28519	3738
23284	9406	13591	19284	28518	3739
23287	9408	13593	19285	28513	3741
23288	9409	13594	19286	28512	3742
23289	9410	13595	19287	28511	3743
23290	9411	13596	19288	28510	3744
23291	9412	13597	19289	28509	3745
23292	9413	13598	19290	28508	3746
23293	9414	13599	19291	28507	3747
23294	9415	13600	19292	28506	3748
23295	9416	13601	19293	28505	3749
23296	9417	13602	19294	28504	3753
23297	9418	13603	19295	28503	3754
23298	9419	13604	19296	28502	3755
23299	9420	13605	19297	28501	3756
23300	9421	13606	19298	28500	3757
23301	9422	13609	19308	28490	3764
23302	9423	13610	19309	28489	3765
23303	9424	13611	19310	28488	3766
23304	9425	13612	19312	28487	3767
23305	9426	13613	19313	28486	3768
23306	9427	13614	19314	28485	3769
23307	9428	13615	19315	28484	3770
23308	9429	13616	19316	28483	3771
23311	9432	13619	19318	28480	3775
23312	9433	13620	19319	28479	3779
23313	9435	13621	19321	28478	3781
23314	9436	13622	19322	28477	3782
23316	9437	13624	19323	28475	3784
23331	9438	13628	19325	28473	3785
23332	9439	13629	19326	28472	3786
23333	9440	13630	19327	28471	3787
23334	9441	13631	19328	28470	3788
23336	9443	13633	19330	28468	3790
23337	9444	13634	19331	28467	3791
23342	9449	13639	19335	28462	3796
23343	9450	13640	19336	28461	3797
23344	9451	13641	19337	28460	3798
23345	9452	13642	19338	28459	3799
23346	9453	13643	19339	28458	3800
23347	9454	13644	19340	28457	3801
23348	9455	13645	19341	28456	3802
23350	9456	13647	19343	28455	3803
23351	9457	13648	19345	28454	3806
23352	9458	13649	19346	28453	3807
23353	9459	13650	19347	28452	3810
23354	9460	13651	19348	28451	3811
23355	9461	13652	19349	28450	3812
23356	9462	13653	19350	28449	3813
23357	9463	13654	19351	28448	3814
23359	9465	13656	19352	28446	3816
23360	9466	13657	19353	28445	3817
23361	9467	13658	19354	28444	3818
23362	9468	13659	19355	28443	3834
23363	9469	13660	19356	28442	3819
23364	9470	13661	19357	28441	3820
23365	9471	13662	19358	28437	3821
23369	9473	13670	19360	28435	3823
23370	9474	13671	19361	28434	3822
23371	9475	13672	19362	28433	3825
23373	9478	13680	19363	28432	3826
23374	9479	13681	19364	28431	3827
23375	9480	13682	19365	28430	3828
23376	9481	13683	19366	28429	3829
23377	9482	13684	19367	28428	3830
23380	9483	13685	19368	28427	3831
23382	9485	13687	19371	28425	3690
23383	9486	13688	19372	28424	3689
23384	9487	13689	19373	28423	3835
23385	9488	13690	19374	28422	3836
23387	9491	13692	19376	28420	3837
23393	9492	13697	19377	28417	304
23395	9494	13699	19379	28415	4271
23396	9495	13700	19380	28414	4270
23397	9496	13701	19381	28413	4269
23398	9497	13702	19382	28412	4268
23399	9498	13703	19383	28411	4267
23400	9501	13706	19384	28408	4265
23401	9502	13707	19385	28407	4264
23402	9503	13708	19386	28406	4263
23403	9504	13709	19387	28405	4262
23405	9506	13711	19389	28403	4260
23407	9511	13714	19392	28398	4257
23408	9512	13715	19393	28397	4256
23409	9513	13716	19394	28396	4255
23411	9515	13718	19396	28394	4253
23412	9516	13719	19397	28393	4252
23413	9517	13720	19398	28392	4251
23414	9518	13721	19399	28391	4250
23415	9519	13722	19400	28390	4247
23416	9520	13724	19404	28384	4246
23417	9521	13725	19405	28383	4245
23418	9522	13726	19406	28382	4243
23437	9541	13734	19469	28345	3873
23438	9542	13735	19470	28344	3874
23439	9543	13736	19471	28343	3875
23440	9544	13737	19472	28342	3878
23444	9546	13739	19473	28341	3886
23445	9547	13740	19474	28340	3887
23446	9549	13742	19475	28339	3890
23447	9550	13743	19476	28338	3891
23469	9557	13754	19484	28326	3906
23470	9558	13755	19485	28325	3907
23471	9559	13756	19486	28324	3909
23473	9560	13758	19488	28322	3911
23474	9561	13759	19489	28321	4196
23475	9562	13760	19490	28320	4195
23476	9563	13761	19491	28319	4194
23477	9564	13762	19492	28318	4193
23478	9565	13763	19493	28317	4192
23479	9566	13764	19494	28316	4191
23480	9567	13765	19495	28315	4190
23482	9570	13768	19498	28312	4187
23483	9571	13769	19499	28311	4186
23484	9572	13770	19500	28310	4185
23487	9581	13773	15018	28307	4184
23488	9582	13774	15017	28306	4183
23490	9584	13776	15016	28304	4181
23491	9585	13777	15015	28303	4180
23492	9588	13781	15014	28302	4175
23493	9589	12797	15013	28300	2760
23496	9592	13788	15010	28297	4113
23498	9594	13790	15008	28295	4112
23499	9599	13791	15003	28294	4107
23500	9600	13792	15001	28293	4118
23507	9607	13799	14998	28287	4117
23508	9608	13800	14997	28286	4116
23510	9610	13802	14995	28284	4140
23522	9621	13809	14985	28277	4104
23538	8617	13824	14967	28271	1635
23540	9623	13826	14966	28268	4136
23541	9624	13827	14965	28267	4135
23542	9625	13828	14964	28266	4134
23549	9628	13829	14961	28263	4119
23550	9629	13830	14960	28262	4120
23551	9630	13831	14959	28261	4121
23554	9633	13836	14956	28258	3194
23557	9636	13839	14952	28256	3973
23558	9637	13843	14951	28252	3976
23559	9638	13844	14950	28251	3977
23560	9639	13845	14949	28250	3978
23561	9640	13846	14948	28249	3979
23562	9641	13847	14947	28248	3980
23563	9642	13848	14946	28247	3981
23564	9643	13849	14945	28246	3982
23565	9644	13850	14944	28245	3983
23566	9658	13851	14929	28244	2043
23567	9646	13852	14941	28243	3984
23568	9647	13853	14940	28242	3985
23570	9648	13854	14939	28241	3986
23571	9649	13855	14938	28240	3987
23572	9650	13856	14937	28239	3988
23585	9656	13866	14931	28229	3995
23586	9655	13867	14932	28228	3994
23587	9659	13868	14928	28227	3998
23588	9661	13869	14926	28226	4000
23589	9662	13870	14925	28225	4001
23590	9663	13871	14924	28223	4002
23591	9664	13872	14923	28222	4003
23592	9665	13873	14922	28221	4004
23593	9666	13874	14921	28220	4005
23594	9667	13875	14920	28219	4006
23595	9668	13876	14919	28218	4007
23596	9669	13877	14918	28217	4008
23597	9670	13878	14917	28216	4009
23598	9676	13879	14916	28215	4010
23602	9682	13884	14913	28213	4015
23603	9683	13885	14912	28212	4016
23604	9684	13886	14911	28211	4017
23605	9685	13887	14910	28210	4018
23606	9686	13888	14909	28209	4019
23607	9698	13890	14908	28208	4020
23608	9699	13891	14907	28207	4021
23609	9700	13892	14906	28206	4022
23622	9757	13931	14841	28139	4178
23623	9758	13932	14840	28138	4177
23624	9759	13933	14839	28137	4176
23625	9760	13938	14838	28136	45
23626	9761	13939	14837	28135	46
23630	9767	13943	14830	28131	3961
23642	9778	13951	14821	28116	4101
23643	9780	13952	14820	28115	4100
23644	9781	13953	14819	28114	4099
23646	9783	13955	14817	28112	4097
23654	9791	13976	14811	28105	4093
23656	9792	13980	14808	28104	4092
23657	9793	13981	14807	28103	4091
23658	9794	13982	14806	28102	4090
23659	9795	13983	14805	28101	4089
23661	9796	13984	19718	28100	4088
23662	9797	13985	19717	28099	4087
23663	9798	13986	19716	28098	4086
23664	9799	13987	19715	28097	4085
23665	9800	13988	19714	28096	4084
23671	9804	13993	19713	28094	4082
23672	9805	13994	19712	28093	4081
23673	9806	13995	19711	28092	4079
23674	9807	13996	19710	28091	4077
23683	9811	13997	19709	28090	4073
23684	9812	13998	19708	28089	4072
23685	9813	13999	19707	28088	4071
23686	9814	14000	19706	28087	4070
23687	9815	14001	19705	28086	4069
23688	9816	14005	19704	28084	4068
23689	9817	14006	19703	28083	4067
23690	9818	14008	19702	28082	4066
23691	9819	14009	19701	28081	4065
23692	9820	14010	19700	28080	4064
23693	9821	14011	19699	28079	4063
23694	9822	14012	19698	28078	4062
23695	9823	14013	19697	28077	4061
23696	9824	14014	19696	28076	4060
23697	9825	14015	19695	28075	4059
23699	9827	14017	19693	28073	4057
23700	9828	14018	19692	28072	4056
23701	4688	14019	19691	28071	4055
23702	4689	14020	19690	28070	4054
23703	4690	14021	19689	28069	4053
23704	4691	14022	19688	28068	4052
23705	4692	14023	19687	28067	4051
23706	4693	14024	19686	28066	4050
23707	4694	14025	19685	28065	4049
23708	4695	14026	19684	28064	4048
23709	4696	14027	19683	28063	4047
23710	4697	14028	19682	28062	4046
23711	4698	14029	19681	28061	4045
23712	4699	14030	19680	28060	4044
23713	4700	14031	19679	28059	4043
23714	4701	14032	19678	28058	4042
23715	4795	14033	19576	28057	3927
23716	4796	14034	19574	28056	3926
23717	4797	14035	19573	28055	3925
23720	4801	14039	19569	28052	3921
23721	4802	14040	19568	28051	3920
23722	4803	14041	19567	28050	3919
23723	4804	14042	19566	28049	3918
23724	4805	14045	19565	28048	3914
23725	4806	14046	19564	28047	3913
23727	4809	14048	19562	28042	4198
23728	4813	14049	19561	28041	4199
23729	4814	14050	19560	28040	4200
23730	4815	14051	19559	28039	4201
23732	4816	14053	19558	28037	4202
23733	4817	14054	19557	28036	4203
23734	4818	14055	19556	28035	4204
23735	4819	14056	19555	28034	4205
23736	4820	14057	19554	28033	4206
23739	4823	14059	19553	28030	4209
23740	4824	14060	19552	28029	4210
23741	4825	14061	19551	28028	4211
23742	4826	14062	19550	28027	4212
23743	4827	14063	19549	28026	4213
23744	4828	14064	19548	28025	4214
23745	4829	14065	19547	28024	4215
23748	4830	14066	19546	28023	4216
23749	4831	14067	19545	28022	4217
23750	4832	14068	19544	28021	4218
23751	4833	14069	19543	28020	4219
23752	4834	14070	19542	28019	4220
23753	4835	14074	19541	28018	4221
23756	4837	14078	19539	28016	4223
23757	4838	14079	19538	28015	4224
23758	4839	14080	19537	28014	4225
23759	4840	14081	19536	28013	4226
23760	4841	14082	19535	28012	4227
23763	4842	14084	19533	28010	4229
23766	4843	14087	19532	28008	4230
23767	4844	14088	19531	28007	4231
23768	4845	14089	19530	28006	4232
23769	4846	14090	19529	28005	4233
23770	4847	14091	19528	28004	4234
23771	4849	14092	19527	28003	4235
23772	4850	14093	19526	28002	4236
23773	4851	14094	19525	28001	4237
23774	4852	14095	19524	28000	4274
23775	4853	14096	19523	27999	4275
23776	4854	14097	19522	27998	4276
23777	4855	14099	19521	27997	4277
23778	4856	14100	19520	27996	4278
23779	4857	14101	19519	27995	4281
23780	4858	14102	19518	27994	4282
23781	4859	14103	19517	27993	4283
23782	4860	14104	19516	27992	4284
23783	4861	14105	19515	27991	4285
23785	4863	14107	19513	27989	4287
23786	4864	14108	19512	27988	4288
23787	4865	14109	19511	27987	4290
23788	4866	14110	19510	27986	4292
23789	4867	14111	19509	27985	4293
23790	4868	14113	19508	27984	4294
23791	4869	14114	19507	27983	4295
23792	4870	14115	19506	27982	4297
23793	4871	14116	19505	27981	4298
23794	4872	14117	19504	27980	4299
23795	4873	14118	19503	27979	4300
23796	4702	14119	19677	27978	4041
23797	4703	14120	19676	27977	4040
23798	4704	14121	19675	27976	4039
23799	4705	14122	19674	27975	4038
23800	4706	14123	19673	27974	4037
23802	4707	14124	19672	27973	4036
23803	4708	14125	19671	27972	4035
23804	4709	14126	19670	27971	4034
23806	4711	14129	19668	27969	4032
23808	4713	14131	19666	27967	4030
23809	4714	14132	19665	27966	4029
23810	4715	14133	19664	27965	4028
23811	4716	14134	19663	27964	4027
23825	4717	14151	19653	27948	4026
23826	4718	14152	19652	27947	4025
23827	4719	14153	19651	27946	4024
23828	4720	14154	19650	27945	4023
23831	4724	14160	19646	27939	4132
23832	4725	14161	19645	27938	4131
23833	4726	14162	19644	27937	4130
23834	4727	14163	19643	27936	4129
23835	4728	14164	19642	27935	2271
23848	4755	14182	19622	27915	4128
23850	4756	14183	19621	27913	4126
23851	4757	14185	19620	27912	3972
23852	4758	14186	19619	27911	3971
23853	4759	14187	19618	27910	3970
23854	4760	14188	19617	27908	3969
23855	4761	14189	19616	27907	3968
23856	9694	14190	19615	27906	3967
23857	9693	14191	19614	27905	3908
23858	9691	14206	19612	27901	3966
23859	9690	14207	19611	27900	3965
23860	9689	14208	19610	27899	3964
23863	9688	14209	19609	27897	3963
23864	9687	14210	19608	27896	3960
23865	9697	14211	19607	27895	3959
23866	9696	14212	19606	27894	3958
23867	9695	14213	19605	27893	3957
23868	4762	14214	19604	27890	3956
23869	4763	14215	19603	27889	3955
23870	4764	14216	19602	27888	3954
23871	4765	14217	19601	27887	3953
23873	4767	14219	19599	27885	3951
23874	4768	14220	19598	27884	3950
23875	4769	14221	19597	27883	3949
23877	4770	14224	19596	27879	3948
23878	4771	14225	19595	27878	3947
23879	4772	14226	19594	27877	3946
23880	4777	14231	19593	27875	3945
23881	7347	14232	19592	27874	2430
23894	4783	14244	19588	27864	3944
23895	4784	14245	19587	27863	3943
23896	4785	14246	19586	27862	3942
23897	4786	14247	19585	27861	3941
23898	4787	14248	19584	27860	3939
23899	4788	14249	19583	27859	3934
23900	4789	14250	19582	27858	3933
23901	4790	14251	19581	27857	3932
23902	4791	14252	19580	27856	3931
23903	4792	14253	19579	27855	3930
23904	4793	14254	19578	27854	3929
23905	4794	14255	19577	27853	3928
23906	4874	14256	19502	27852	4301
23907	4875	14257	19501	27851	4302
23908	4876	14258	15019	27850	4303
23910	4878	14261	15021	27848	4306
23911	4879	14262	15022	27847	4307
23912	4880	14263	15023	27846	4308
23913	4881	14264	15024	27845	4309
23914	4882	14265	15025	27844	4310
23915	4883	14266	15026	27843	4311
23916	4884	14267	15027	27842	4312
23917	4885	14268	15028	27841	4313
23919	4890	14273	15032	27840	4318
23920	4891	14274	15033	27839	4319
23921	4892	14275	15034	27838	4320
23922	4893	14276	15035	27837	4321
23923	4894	14277	15036	27836	4322
23924	4895	14278	15037	27835	4323
23925	4896	14279	15038	27834	4324
23926	4897	14280	15039	27833	4325
23927	4898	14281	15040	27832	4326
23928	4899	14282	15041	27831	4327
23929	4900	14283	15042	27830	4328
23930	4901	14284	15043	27829	4329
23931	4902	14285	15044	27828	4330
23935	4906	14289	15045	27824	4331
23936	4907	14290	15046	27823	4332
23939	4909	14292	15047	27821	3696
23940	4910	14293	15048	27820	3695
23941	4911	14294	15049	27819	3694
23942	4912	14295	15050	27818	3693
23944	4913	14297	15051	27816	3688
23945	4914	14298	15052	27815	3687
23946	4915	14299	15053	27813	3680
23948	4924	14303	15056	27810	2931
23950	4927	14330	15058	27804	3676
23951	4928	14331	15059	27803	3674
23957	4934	14336	15065	27798	3672
23959	4935	14337	15070	27791	3671
23960	4936	14338	15071	27790	3670
23961	4937	14339	15072	27789	3669
23962	4938	14340	15073	27788	3667
23963	4939	14341	15074	27787	3666
23964	4940	14342	15075	27786	3665
23965	4941	14343	15076	27785	3661
23966	4942	14344	15077	27784	3660
23967	4943	14345	15078	27783	3659
23968	4944	14346	15079	27782	3658
23969	4945	14347	15080	27781	3657
23970	4946	14348	15081	27780	3656
23971	4948	14350	15082	27779	3655
23972	4949	14351	15083	27778	3654
23975	4951	14353	15086	27725	3650
23977	4953	14355	15088	27723	3648
23978	4954	14356	15089	27722	3647
23979	4955	14357	15090	27721	3646
23980	4956	14358	15091	27720	3643
23983	4958	14360	15093	27718	3642
23984	4959	14361	15094	27717	3641
23985	4960	14364	15095	27714	3638
23987	4976	14372	15097	27543	1600
23989	4978	14374	15099	27545	779
23990	4979	14375	15100	27546	1040
23992	4982	14378	15103	27549	3628
23994	4991	14382	15107	27553	4333
23995	4992	14383	15108	27554	4334
23996	4993	14384	15109	27555	4335
24004	4995	14391	15110	27561	4336
24034	5018	14397	15141	27575	455
24037	5019	14398	15145	27577	1097
24039	6251	14400	19150	27579	4464
24040	6252	14401	19149	27580	4465
24041	6253	14402	16975	27581	1450
24050	4886	14410	16106	27583	1090
24051	7053	14412	17857	27584	1204
24052	7054	14413	17856	27585	1205
24062	5041	14430	15282	27315	4384
24063	5042	14431	15283	27316	4385
24064	5043	14432	15284	27317	4386
24065	5044	14433	15285	27318	4387
24066	5045	14434	15286	27319	4388
24067	5046	14435	15287	27320	4389
24069	5048	14437	15289	27322	4390
24070	5049	14438	15290	27323	4391
24071	5050	14439	15293	27325	4393
24073	5061	14441	15294	27327	4394
24074	5062	14442	15295	27328	4395
24076	5064	14444	15297	27330	4397
24077	5065	14446	15299	27332	4398
24080	5067	14448	15303	27334	4400
24081	5068	14449	15304	27335	4401
24082	5069	14450	15305	27336	4402
24083	5070	14451	15306	27337	4403
24084	5071	14452	15307	27338	4404
24088	5073	14455	15308	27340	4406
24089	5074	14456	15309	27341	4407
24090	5075	14457	15310	27342	4408
24091	5076	14458	15311	27343	4409
24093	5078	14460	15312	27345	4410
24094	5079	14461	15313	27346	4411
24095	5080	14462	15314	27347	4412
24096	5081	14463	15315	27348	4413
24097	5082	14464	15316	27349	4414
24098	5083	14465	15317	27350	4415
24099	5084	14466	15318	27351	4416
24100	5085	14467	15319	27352	4417
24101	5086	14468	15320	27353	4418
24102	5087	14469	15321	27354	4419
24104	5090	14471	15323	27356	4421
24105	5091	14472	15324	27357	4422
24106	5092	14473	15325	27358	4423
24107	5093	14474	15326	27359	4424
24114	5094	14482	15328	27360	4425
24115	5095	14483	15330	27361	4427
24116	5096	14484	15331	27362	4428
24117	5097	14485	15332	27363	4429
24127	5108	14496	15342	27374	4432
24128	5109	14497	15343	27375	4433
24129	5110	14498	15344	27376	4434
24130	5111	14499	15345	27377	4435
24133	5113	14502	15348	27380	4438
24134	5114	14503	15349	27381	1051
24135	5115	14504	15350	27382	4439
24136	5116	14505	15352	27384	1754
24138	5119	14507	15357	27386	3480
24139	5120	14508	15358	27387	4440
24140	5121	14509	15359	27388	4441
24143	5123	14511	15361	27390	4443
24144	5124	14512	15362	27391	4444
24145	5125	14513	15370	27397	4445
24146	5126	14514	15371	27398	4446
24147	5127	14515	15372	27399	4447
24148	5128	14516	15373	27400	4448
24151	5131	14519	15376	27403	4449
24156	5136	14520	15382	27409	4451
24157	5137	14521	15383	27410	4452
24158	5141	14540	15384	27411	3570
24159	5142	14541	15385	27412	3569
24160	5157	14554	15399	27425	4532
24161	5158	14555	15400	27426	4533
24162	5164	14556	15401	27427	4536
24164	5166	14557	15403	27429	4538
24166	5168	14558	15404	27430	4539
24167	5169	14560	15407	27431	4542
24168	5170	14561	15408	27432	4543
24169	5171	14562	15409	27433	4544
24178	5181	14576	19183	27440	4550
24180	5182	14578	19182	27442	4551
24181	5183	14579	19181	27443	4552
24182	5184	14580	19180	27444	4553
24184	5185	14582	19179	27446	4554
24185	5186	14583	19178	27447	4555
24224	5624	14603	15805	27508	789
24239	8156	13296	18085	26496	2516
24270	5277	14631	15481	28849	4569
24271	5278	14632	15482	28850	4570
24272	5279	14633	15483	28851	4571
24277	5318	14642	15497	28870	2351
24281	5322	14646	15504	28874	31
24287	5334	14654	15511	28883	4655
24288	5335	14655	15512	28884	4656
24289	5336	14656	15513	28885	4657
24291	5338	14658	15515	28893	4658
24292	5339	14659	15516	28894	4659
24294	5341	14661	15518	28896	4662
24295	5342	14662	15519	28897	4663
24298	5344	14665	15522	28900	4665
24299	5345	14666	15523	28901	4666
24300	5346	14667	15524	28902	4667
24301	5347	14668	15525	28903	4668
24303	5348	14674	15526	28905	1408
24304	5349	14675	15527	28906	4669
24305	5350	14676	15528	28907	4670
24306	5351	14677	15529	28908	4671
24307	5352	14678	15530	28909	4672
24308	5353	14679	15533	29047	4676
24309	5354	14680	15534	29048	4680
24310	5355	14681	15535	29049	4681
24311	5356	14682	15536	29050	4682
24312	5357	14683	15537	29051	4683
24313	5358	14684	15538	29052	4684
24314	5359	14685	15539	29053	4685
24318	5363	14696	15540	29057	4686
